time="2019-08-16T10:02:18-04:00" level=info msg="Starting Advanced.ID web server "
time="2019-08-16T10:02:18-04:00" level=panic msg="DB Query failed: pq: permission denied for table contacts"
time="2019-08-16T10:12:48-04:00" level=info msg="Starting Advanced.ID web server "
time="2019-08-16T10:12:48-04:00" level=panic msg="DB Query failed: pq: permission denied for table contacts"
time="2019-08-16T10:16:59-04:00" level=info msg="Starting Advanced.ID web server "
time="2019-08-16T10:19:08-04:00" level=info msg="Starting Advanced.ID web server "
time="2019-08-16T10:28:13-04:00" level=info msg="Starting Advanced.ID web server "
time="2019-08-16T10:28:36-04:00" level=info msg="in context show index"
time="2019-08-16T10:34:19-04:00" level=info msg="Starting Advanced.ID web server "
time="2019-08-16T10:34:22-04:00" level=info msg="in context show index"
time="2019-08-16T10:34:24-04:00" level=info msg="in context show index"
time="2019-08-16T10:34:24-04:00" level=info msg="in context show index"
time="2019-08-16T10:34:24-04:00" level=info msg="in context show index"
time="2019-08-16T10:34:24-04:00" level=info msg="in context show index"
time="2019-08-16T10:34:25-04:00" level=info msg="in context show index"
time="2019-08-16T10:34:25-04:00" level=info msg="in context show index"
time="2019-08-16T10:34:25-04:00" level=info msg="in context show index"
time="2019-08-16T10:57:34-04:00" level=info msg="Starting Advanced.ID web server "
time="2019-08-16T10:57:37-04:00" level=info msg="in context show index"
time="2019-08-16T11:01:44-04:00" level=info msg="Starting Advanced.ID web server "
time="2019-08-16T11:01:48-04:00" level=info msg="in context show index"
time="2019-08-16T11:06:56-04:00" level=info msg="Starting Advanced.ID web server "
time="2019-08-16T11:07:00-04:00" level=info msg="in context show index"
time="2019-08-16T11:10:48-04:00" level=info msg="Starting Advanced.ID web server "
time="2019-08-16T11:10:51-04:00" level=info msg="in context show index"
time="2019-08-16T11:11:04-04:00" level=info msg="in context show index"
time="2019-08-16T11:14:19-04:00" level=info msg="Starting Advanced.ID web server "
time="2019-08-16T11:14:21-04:00" level=info msg="in context show index"
time="2019-08-16T11:21:08-04:00" level=info msg="Starting Advanced.ID web server "
time="2019-08-16T11:21:10-04:00" level=info msg="in context show index"
time="2019-08-16T11:45:50-04:00" level=info msg="in context show index"
time="2019-08-16T12:40:09-04:00" level=info msg="Starting Advanced.ID web server "
time="2019-08-16T12:40:11-04:00" level=info msg="in context show index"
time="2019-08-16T12:41:41-04:00" level=info msg="in context show index"
time="2019-08-16T12:45:42-04:00" level=info msg="Starting Advanced.ID web server "
time="2019-08-16T12:45:46-04:00" level=info msg="in context show index"
time="2019-08-16T12:47:55-04:00" level=info msg="Starting Advanced.ID web server "
time="2019-08-16T12:47:58-04:00" level=info msg="in context show index"
time="2019-08-16T13:00:22-04:00" level=info msg="Starting Advanced.ID web server "
time="2019-08-16T13:00:25-04:00" level=info msg="in context show index"
time="2019-08-16T19:06:32-04:00" level=info msg="Starting Advanced.ID web server "
time="2019-08-16T19:06:47-04:00" level=info msg="in context show index"
time="2019-08-17T01:36:03-04:00" level=info msg="Starting Advanced.ID web server "
time="2019-08-17T01:36:07-04:00" level=info msg="in context show index"
time="2019-08-17T01:44:14-04:00" level=info msg="Starting Advanced.ID web server "
time="2019-08-17T01:44:16-04:00" level=info msg="in context show index"
time="2019-08-17T01:45:51-04:00" level=info msg="Starting Advanced.ID web server "
time="2019-08-17T01:45:53-04:00" level=info msg="in context show index"
time="2019-08-17T01:46:18-04:00" level=info msg="Starting Advanced.ID web server "
time="2019-08-17T01:46:20-04:00" level=info msg="in context show index"
time="2019-08-17T01:51:20-04:00" level=info msg="Starting Advanced.ID web server "
time="2019-08-17T01:51:22-04:00" level=info msg="in context show index"
time="2019-08-17T01:57:53-04:00" level=info msg="Starting Advanced.ID web server "
time="2019-08-17T01:57:53-04:00" level=panic msg="DB Query failed: pq: permission denied for table contacts"
time="2019-08-17T01:58:58-04:00" level=info msg="Starting Advanced.ID web server "
time="2019-08-17T01:59:01-04:00" level=info msg="in context show index"
time="2019-08-17T05:51:50-04:00" level=info msg="Starting Advanced.ID web server "
time="2019-08-17T05:52:04-04:00" level=info msg="in context show index"
time="2019-08-17T05:57:47-04:00" level=info msg="Starting Advanced.ID web server "
time="2019-08-17T05:57:51-04:00" level=info msg="in context show index"
time="2019-08-17T05:57:52-04:00" level=info msg="in context show index"
time="2019-08-17T05:57:53-04:00" level=info msg="in context show index"
time="2019-08-17T05:57:53-04:00" level=info msg="in context show index"
time="2019-08-17T05:57:53-04:00" level=info msg="in context show index"
time="2019-08-17T05:57:53-04:00" level=info msg="in context show index"
time="2019-08-17T05:57:53-04:00" level=info msg="in context show index"
time="2019-08-17T05:57:54-04:00" level=info msg="in context show index"
time="2019-08-17T05:58:38-04:00" level=info msg="Starting Advanced.ID web server "
time="2019-08-17T05:58:39-04:00" level=info msg="in context show index"
time="2019-08-17T05:58:39-04:00" level=info msg="in context show index"
time="2019-08-17T05:58:40-04:00" level=info msg="in context show index"
time="2019-08-17T05:58:40-04:00" level=info msg="in context show index"
time="2019-08-17T05:58:40-04:00" level=info msg="in context show index"
time="2019-08-17T05:58:40-04:00" level=info msg="in context show index"
time="2019-08-17T05:58:40-04:00" level=info msg="in context show index"
time="2019-08-17T06:00:15-04:00" level=info msg="Starting Advanced.ID web server "
time="2019-08-17T06:00:17-04:00" level=info msg="in context show index"
time="2019-08-17T06:00:18-04:00" level=info msg="in context show index"
time="2019-08-17T06:00:18-04:00" level=info msg="in context show index"
time="2019-08-17T06:00:18-04:00" level=info msg="in context show index"
time="2019-08-17T06:00:19-04:00" level=info msg="in context show index"
time="2019-08-17T06:06:04-04:00" level=info msg="Starting Advanced.ID web server "
time="2019-08-17T06:06:07-04:00" level=info msg="in context show index"
time="2019-08-17T06:06:07-04:00" level=info msg="in context show index"
time="2019-08-17T06:06:07-04:00" level=info msg="in context show index"
time="2019-08-17T06:06:07-04:00" level=info msg="in context show index"
time="2019-08-17T06:06:08-04:00" level=info msg="in context show index"
time="2019-08-17T06:06:08-04:00" level=info msg="in context show index"
time="2019-08-17T06:06:08-04:00" level=info msg="in context show index"
time="2019-08-17T06:06:08-04:00" level=info msg="in context show index"
time="2019-08-17T06:06:16-04:00" level=info msg="in context show index"
time="2019-08-17T06:08:54-04:00" level=info msg="in context show index"
time="2019-08-17T06:08:54-04:00" level=info msg="in context show index"
time="2019-08-17T06:08:55-04:00" level=info msg="in context show index"
time="2019-08-17T06:08:56-04:00" level=info msg="in context show index"
time="2019-08-17T06:08:56-04:00" level=info msg="in context show index"
time="2019-08-17T06:08:56-04:00" level=info msg="in context show index"
time="2019-08-17T06:08:56-04:00" level=info msg="in context show index"
time="2019-08-17T06:11:25-04:00" level=info msg="Starting Advanced.ID web server "
time="2019-08-17T06:11:37-04:00" level=info msg="in context show index"
time="2019-08-17T06:12:03-04:00" level=info msg="Starting Advanced.ID web server "
time="2019-08-17T06:12:11-04:00" level=info msg="in context show index"
time="2019-08-17T06:12:14-04:00" level=info msg="in context show index"
time="2019-08-17T06:12:15-04:00" level=info msg="in context show index"
time="2019-08-17T06:12:15-04:00" level=info msg="in context show index"
time="2019-08-17T06:12:15-04:00" level=info msg="in context show index"
time="2019-08-17T06:12:15-04:00" level=info msg="in context show index"
time="2019-08-17T06:12:15-04:00" level=info msg="in context show index"
time="2019-08-17T06:12:16-04:00" level=info msg="in context show index"
time="2019-08-17T06:12:16-04:00" level=info msg="in context show index"
time="2019-08-17T06:12:16-04:00" level=info msg="in context show index"
time="2019-08-17T06:12:16-04:00" level=info msg="in context show index"
time="2019-08-17T06:12:16-04:00" level=info msg="in context show index"
time="2019-08-17T06:12:17-04:00" level=info msg="in context show index"
time="2019-08-17T06:12:18-04:00" level=info msg="in context show index"
time="2019-08-17T06:12:18-04:00" level=info msg="in context show index"
time="2019-08-17T06:12:18-04:00" level=info msg="in context show index"
time="2019-08-17T06:12:18-04:00" level=info msg="in context show index"
time="2019-08-17T06:12:19-04:00" level=info msg="in context show index"
time="2019-08-17T06:12:19-04:00" level=info msg="in context show index"
time="2019-08-17T06:12:19-04:00" level=info msg="in context show index"
time="2019-08-17T06:17:35-04:00" level=info msg="Starting Advanced.ID web server "
time="2019-08-17T06:17:37-04:00" level=info msg="in context show index"
time="2019-08-17T06:17:44-04:00" level=info msg="in context show index"
time="2019-08-17T06:26:46-04:00" level=info msg="Starting Advanced.ID web server "
time="2019-08-17T06:27:01-04:00" level=info msg="in context show index"
time="2019-08-17T06:27:03-04:00" level=info msg="in context show index"
time="2019-08-17T06:30:30-04:00" level=info msg="Starting Advanced.ID web server "
time="2019-08-17T06:30:38-04:00" level=info msg="in context show index"
time="2019-08-17T06:33:16-04:00" level=info msg="Starting Advanced.ID web server "
time="2019-08-17T06:33:17-04:00" level=info msg="in context show index"
time="2019-08-17T06:35:21-04:00" level=info msg="Starting Advanced.ID web server "
time="2019-08-17T06:35:25-04:00" level=info msg="in context show index"
time="2019-08-17T06:35:26-04:00" level=info msg="in context show index"
time="2019-08-17T06:35:41-04:00" level=info msg="in context show index"
time="2019-08-17T06:48:50-04:00" level=info msg="Starting Advanced.ID web server "
time="2019-08-17T06:48:57-04:00" level=info msg="in context show index"
time="2019-08-17T06:50:54-04:00" level=info msg="Starting Advanced.ID web server "
time="2019-08-17T06:51:06-04:00" level=info msg="in context show index"
time="2019-08-17T06:51:07-04:00" level=info msg="in context show index"
time="2019-08-17T06:51:07-04:00" level=info msg="in context show index"
time="2019-08-17T06:51:07-04:00" level=info msg="in context show index"
time="2019-08-17T06:51:07-04:00" level=info msg="in context show index"
time="2019-08-17T06:51:36-04:00" level=info msg="Starting Advanced.ID web server "
time="2019-08-17T06:51:47-04:00" level=info msg="in context show index"
time="2019-08-17T06:52:45-04:00" level=info msg="Starting Advanced.ID web server "
time="2019-08-17T06:52:48-04:00" level=info msg="in context show index"
time="2019-08-17T06:52:49-04:00" level=info msg="in context show index"
time="2019-08-17T06:52:49-04:00" level=info msg="in context show index"
time="2019-08-17T06:52:49-04:00" level=info msg="in context show index"
time="2019-08-17T06:55:02-04:00" level=info msg="Starting Advanced.ID web server "
time="2019-08-17T06:55:04-04:00" level=info msg="in context show index"
time="2019-08-17T06:55:04-04:00" level=info msg="in context show index"
time="2019-08-17T06:55:05-04:00" level=info msg="in context show index"
time="2019-08-17T06:56:42-04:00" level=info msg="Starting Advanced.ID web server "
time="2019-08-17T06:56:44-04:00" level=info msg="in context show index"
time="2019-08-17T06:56:45-04:00" level=info msg="in context show index"
time="2019-08-17T06:56:45-04:00" level=info msg="in context show index"
time="2019-08-17T06:56:45-04:00" level=info msg="in context show index"
time="2019-08-17T06:58:11-04:00" level=info msg="Starting Advanced.ID web server "
time="2019-08-17T06:58:14-04:00" level=info msg="in context show index"
time="2019-08-17T07:01:44-04:00" level=info msg="Starting Advanced.ID web server "
time="2019-08-17T07:01:48-04:00" level=info msg="in context show index"
time="2019-08-17T07:01:49-04:00" level=info msg="in context show index"
time="2019-08-17T07:01:49-04:00" level=info msg="in context show index"
time="2019-08-17T07:01:49-04:00" level=info msg="in context show index"
time="2019-08-17T07:01:49-04:00" level=info msg="in context show index"
time="2019-08-17T07:04:28-04:00" level=info msg="in context show index"
time="2019-08-17T07:04:30-04:00" level=info msg="in context show index"
time="2019-08-17T07:04:32-04:00" level=info msg="in context show index"
time="2019-08-17T07:04:32-04:00" level=info msg="in context show index"
time="2019-08-17T07:14:48-04:00" level=info msg="in context show index"
time="2019-08-17T07:16:44-04:00" level=info msg="in context show index"
time="2019-08-17T07:16:59-04:00" level=info msg="in context show index"
time="2019-08-17T07:23:45-04:00" level=info msg="in context show index"
time="2019-08-17T07:26:03-04:00" level=info msg="in context show index"
time="2019-08-17T07:27:12-04:00" level=info msg="in context show index"
time="2019-08-17T07:28:28-04:00" level=info msg="in context show index"
time="2019-08-17T07:28:39-04:00" level=info msg="in context show index"
time="2019-08-17T07:42:49-04:00" level=info msg="in context show index"
time="2019-08-17T07:42:50-04:00" level=info msg="in context show index"
time="2019-08-17T07:42:51-04:00" level=info msg="in context show index"
time="2019-08-17T07:42:51-04:00" level=info msg="in context show index"
time="2019-08-17T07:42:51-04:00" level=info msg="in context show index"
time="2019-08-17T07:42:52-04:00" level=info msg="in context show index"
time="2019-08-17T07:42:52-04:00" level=info msg="in context show index"
time="2019-08-17T07:42:53-04:00" level=info msg="in context show index"
time="2019-08-17T07:43:01-04:00" level=info msg="in context show index"
time="2019-08-17T07:43:01-04:00" level=info msg="in context show index"
time="2019-08-17T07:43:02-04:00" level=info msg="in context show index"
time="2019-08-17T07:43:02-04:00" level=info msg="in context show index"
time="2019-08-17T07:43:02-04:00" level=info msg="in context show index"
time="2019-08-17T07:46:34-04:00" level=info msg="in context show index"
time="2019-08-17T07:50:16-04:00" level=info msg="in context show index"
time="2019-08-17T07:50:17-04:00" level=info msg="in context show index"
time="2019-08-17T07:50:17-04:00" level=info msg="in context show index"
time="2019-08-17T07:50:18-04:00" level=info msg="in context show index"
time="2019-08-17T07:50:18-04:00" level=info msg="in context show index"
time="2019-08-17T07:50:18-04:00" level=info msg="in context show index"
time="2019-08-17T07:50:36-04:00" level=info msg="in context show index"
time="2019-08-17T07:50:37-04:00" level=info msg="in context show index"
time="2019-08-17T07:50:37-04:00" level=info msg="in context show index"
time="2019-08-17T07:50:37-04:00" level=info msg="in context show index"
time="2019-08-17T07:50:37-04:00" level=info msg="in context show index"
time="2019-08-17T07:50:38-04:00" level=info msg="in context show index"
time="2019-08-17T07:50:38-04:00" level=info msg="in context show index"
time="2019-08-17T07:50:38-04:00" level=info msg="in context show index"
time="2019-08-17T07:50:38-04:00" level=info msg="in context show index"
time="2019-08-17T07:50:38-04:00" level=info msg="in context show index"
time="2019-08-17T07:50:38-04:00" level=info msg="in context show index"
time="2019-08-17T07:50:39-04:00" level=info msg="in context show index"
time="2019-08-17T07:50:39-04:00" level=info msg="in context show index"
time="2019-08-17T07:50:57-04:00" level=info msg="in context show index"
time="2019-08-17T07:50:57-04:00" level=info msg="in context show index"
time="2019-08-17T07:50:57-04:00" level=info msg="in context show index"
time="2019-08-17T07:50:58-04:00" level=info msg="in context show index"
time="2019-08-17T07:50:58-04:00" level=info msg="in context show index"
time="2019-08-17T07:50:58-04:00" level=info msg="in context show index"
time="2019-08-17T07:50:58-04:00" level=info msg="in context show index"
time="2019-08-17T07:53:55-04:00" level=info msg="in context show index"
time="2019-08-17T07:53:56-04:00" level=info msg="in context show index"
time="2019-08-17T07:53:56-04:00" level=info msg="in context show index"
time="2019-08-17T07:53:56-04:00" level=info msg="in context show index"
time="2019-08-17T07:53:56-04:00" level=info msg="in context show index"
time="2019-08-17T07:54:11-04:00" level=info msg="Starting Advanced.ID web server "
time="2019-08-17T07:54:13-04:00" level=info msg="in context show index"
time="2019-08-17T07:54:13-04:00" level=info msg="in context show index"
time="2019-08-17T07:54:14-04:00" level=info msg="in context show index"
time="2019-08-17T07:54:14-04:00" level=info msg="in context show index"
time="2019-08-17T07:54:14-04:00" level=info msg="in context show index"
time="2019-08-17T07:54:14-04:00" level=info msg="in context show index"
time="2019-08-17T07:54:14-04:00" level=info msg="in context show index"
time="2019-08-17T07:54:15-04:00" level=info msg="in context show index"
time="2019-08-17T07:54:15-04:00" level=info msg="in context show index"
time="2019-08-17T07:54:15-04:00" level=info msg="in context show index"
time="2019-08-17T07:54:15-04:00" level=info msg="in context show index"
time="2019-08-17T07:54:16-04:00" level=info msg="in context show index"
time="2019-08-17T07:54:16-04:00" level=info msg="in context show index"
time="2019-08-17T07:54:16-04:00" level=info msg="in context show index"
time="2019-08-17T07:54:16-04:00" level=info msg="in context show index"
time="2019-08-17T07:54:30-04:00" level=info msg="in context show index"
time="2019-08-17T07:58:53-04:00" level=info msg="Starting Advanced.ID web server "
time="2019-08-17T07:58:57-04:00" level=info msg="in context show index"
time="2019-08-17T07:58:57-04:00" level=info msg="in context show index"
time="2019-08-17T07:58:58-04:00" level=info msg="in context show index"
time="2019-08-17T07:59:20-04:00" level=info msg="in context show index"
time="2019-08-17T07:59:20-04:00" level=info msg="in context show index"
time="2019-08-17T07:59:21-04:00" level=info msg="in context show index"
time="2019-08-17T07:59:21-04:00" level=info msg="in context show index"
time="2019-08-17T07:59:21-04:00" level=info msg="in context show index"
time="2019-08-17T07:59:21-04:00" level=info msg="in context show index"
time="2019-08-17T07:59:21-04:00" level=info msg="in context show index"
time="2019-08-17T07:59:21-04:00" level=info msg="in context show index"
time="2019-08-17T07:59:22-04:00" level=info msg="in context show index"
time="2019-08-17T07:59:33-04:00" level=info msg="Starting Advanced.ID web server "
time="2019-08-17T07:59:34-04:00" level=info msg="in context show index"
time="2019-08-17T07:59:35-04:00" level=info msg="in context show index"
time="2019-08-17T07:59:35-04:00" level=info msg="in context show index"
time="2019-08-17T07:59:35-04:00" level=info msg="in context show index"
time="2019-08-17T07:59:35-04:00" level=info msg="in context show index"
time="2019-08-17T07:59:35-04:00" level=info msg="in context show index"
time="2019-08-17T07:59:35-04:00" level=info msg="in context show index"
time="2019-08-17T08:03:21-04:00" level=info msg="in context show index"
time="2019-08-17T08:03:22-04:00" level=info msg="in context show index"
time="2019-08-17T08:04:14-04:00" level=info msg="in context show index"
time="2019-08-17T08:04:14-04:00" level=info msg="in context show index"
time="2019-08-17T08:12:17-04:00" level=info msg="in context show index"
time="2019-08-17T08:12:17-04:00" level=info msg="in context show index"
time="2019-08-17T08:12:17-04:00" level=info msg="in context show index"
time="2019-08-17T08:12:18-04:00" level=info msg="in context show index"
time="2019-08-17T08:12:18-04:00" level=info msg="in context show index"
time="2019-08-17T08:12:18-04:00" level=info msg="in context show index"
time="2019-08-17T08:12:18-04:00" level=info msg="in context show index"
time="2019-08-17T08:12:18-04:00" level=info msg="in context show index"
time="2019-08-17T08:12:19-04:00" level=info msg="in context show index"
time="2019-08-17T08:12:19-04:00" level=info msg="in context show index"
time="2019-08-17T08:12:19-04:00" level=info msg="in context show index"
time="2019-08-17T08:12:19-04:00" level=info msg="in context show index"
time="2019-08-17T08:12:19-04:00" level=info msg="in context show index"
time="2019-08-17T08:12:20-04:00" level=info msg="in context show index"
time="2019-08-17T08:12:20-04:00" level=info msg="in context show index"
time="2019-08-17T08:12:20-04:00" level=info msg="in context show index"
time="2019-08-17T08:16:20-04:00" level=info msg="in context show index"
time="2019-08-17T08:20:16-04:00" level=info msg="in context show index"
time="2019-08-17T08:20:17-04:00" level=info msg="in context show index"
time="2019-08-17T08:20:17-04:00" level=info msg="in context show index"
time="2019-08-17T08:20:17-04:00" level=info msg="in context show index"
time="2019-08-17T08:20:17-04:00" level=info msg="in context show index"
time="2019-08-17T08:20:18-04:00" level=info msg="in context show index"
time="2019-08-17T08:26:49-04:00" level=info msg="Starting Advanced.ID web server "
time="2019-08-17T08:26:52-04:00" level=info msg="in context handler post data"
time="2019-08-17T08:36:16-04:00" level=info msg="Starting Advanced.ID web server "
time="2019-08-17T08:36:19-04:00" level=info msg="in context handler post data"
time="2019-08-17T08:37:15-04:00" level=info msg="Starting Advanced.ID web server "
time="2019-08-17T08:37:22-04:00" level=info msg="in context handler post data"
time="2019-08-17T08:39:08-04:00" level=info msg="Starting Advanced.ID web server "
time="2019-08-17T08:39:11-04:00" level=info msg="in context handler post data"
time="2019-08-17T08:40:18-04:00" level=info msg="Starting Advanced.ID web server "
time="2019-08-17T08:40:21-04:00" level=info msg="in context handler post data"
time="2019-08-17T08:43:16-04:00" level=info msg="in context handler post data"
time="2019-08-17T08:44:13-04:00" level=info msg="Starting Advanced.ID web server "
time="2019-08-17T08:44:15-04:00" level=info msg="in context handler post data"
time="2019-08-17T08:52:10-04:00" level=info msg="in context handler post data"
time="2019-08-17T09:40:34-04:00" level=info msg="Starting Advanced.ID web server "
time="2019-08-17T09:40:39-04:00" level=info msg="in context handler post data"
time="2019-08-17T09:41:47-04:00" level=info msg="Starting Advanced.ID web server "
time="2019-08-17T09:41:49-04:00" level=info msg="in context handler post data"
time="2019-08-17T09:50:01-04:00" level=info msg="in context handler post data"
time="2019-08-17T09:50:08-04:00" level=info msg="in context handler post data"
time="2019-08-17T09:58:52-04:00" level=info msg="in context handler post data"
time="2019-08-17T10:43:06-04:00" level=info msg="Starting Advanced.ID web server "
time="2019-08-17T10:43:22-04:00" level=info msg="in context show index"
time="2019-08-17T10:43:24-04:00" level=info msg="in context show index"
time="2019-08-17T10:43:24-04:00" level=info msg="in context show index"
time="2019-08-17T10:43:24-04:00" level=info msg="in context show index"
time="2019-08-17T10:43:24-04:00" level=info msg="in context show index"
time="2019-08-17T10:43:24-04:00" level=info msg="in context show index"
time="2019-08-17T10:43:25-04:00" level=info msg="in context show index"
time="2019-08-17T10:48:00-04:00" level=info msg="Starting Advanced.ID web server "
time="2019-08-17T10:48:35-04:00" level=info msg="Starting Advanced.ID web server "
time="2019-08-17T10:49:06-04:00" level=info msg="Starting Advanced.ID web server "
time="2019-08-17T10:49:10-04:00" level=info msg="in context show index"
time="2019-08-17T10:49:23-04:00" level=info msg="in context show index"
time="2019-08-17T10:49:23-04:00" level=info msg="in context show index"
time="2019-08-17T10:49:24-04:00" level=info msg="in context show index"
time="2019-08-17T10:49:24-04:00" level=info msg="in context show index"
time="2019-08-17T10:49:24-04:00" level=info msg="in context show index"
time="2019-08-17T10:49:25-04:00" level=info msg="in context show index"
time="2019-08-17T10:49:25-04:00" level=info msg="in context show index"
time="2019-08-17T10:49:25-04:00" level=info msg="in context show index"
time="2019-08-17T10:49:25-04:00" level=info msg="in context show index"
time="2019-08-17T10:49:25-04:00" level=info msg="in context show index"
time="2019-08-17T10:49:31-04:00" level=info msg="in context show index"
time="2019-08-17T10:49:31-04:00" level=info msg="in context show index"
time="2019-08-17T10:49:31-04:00" level=info msg="in context show index"
time="2019-08-17T10:49:32-04:00" level=info msg="in context show index"
time="2019-08-17T10:49:32-04:00" level=info msg="in context show index"
time="2019-08-17T10:49:32-04:00" level=info msg="in context show index"
time="2019-08-17T10:49:32-04:00" level=info msg="in context show index"
time="2019-08-17T10:49:32-04:00" level=info msg="in context show index"
time="2019-08-17T10:49:32-04:00" level=info msg="in context show index"
time="2019-08-17T10:49:32-04:00" level=info msg="in context show index"
time="2019-08-17T10:49:33-04:00" level=info msg="in context show index"
time="2019-08-17T10:50:06-04:00" level=info msg="in context show index"
time="2019-08-17T10:52:03-04:00" level=info msg="Starting Advanced.ID web server "
time="2019-08-17T10:52:18-04:00" level=info msg="in context show index"
time="2019-08-17T10:53:05-04:00" level=info msg="in context show index"
time="2019-08-17T10:53:07-04:00" level=info msg="in context show index"
time="2019-08-17T10:53:07-04:00" level=info msg="in context show index"
time="2019-08-17T10:53:08-04:00" level=info msg="in context show index"
time="2019-08-17T10:53:08-04:00" level=info msg="in context show index"
time="2019-08-17T10:53:08-04:00" level=info msg="in context show index"
time="2019-08-17T10:53:08-04:00" level=info msg="in context show index"
time="2019-08-17T10:53:08-04:00" level=info msg="in context show index"
time="2019-08-17T10:53:08-04:00" level=info msg="in context show index"
time="2019-08-17T10:53:09-04:00" level=info msg="in context show index"
time="2019-08-17T10:53:09-04:00" level=info msg="in context show index"
time="2019-08-17T10:53:09-04:00" level=info msg="in context show index"
time="2019-08-17T10:53:09-04:00" level=info msg="in context show index"
time="2019-08-17T10:53:09-04:00" level=info msg="in context show index"
time="2019-08-17T10:53:11-04:00" level=info msg="in context show index"
time="2019-08-17T10:53:11-04:00" level=info msg="in context show index"
time="2019-08-17T10:53:11-04:00" level=info msg="in context show index"
time="2019-08-17T10:53:11-04:00" level=info msg="in context show index"
time="2019-08-17T10:53:12-04:00" level=info msg="in context show index"
time="2019-08-17T10:53:12-04:00" level=info msg="in context show index"
time="2019-08-17T10:53:12-04:00" level=info msg="in context show index"
time="2019-08-17T10:53:12-04:00" level=info msg="in context show index"
time="2019-08-17T10:53:12-04:00" level=info msg="in context show index"
time="2019-08-17T10:53:12-04:00" level=info msg="in context show index"
time="2019-08-17T10:53:12-04:00" level=info msg="in context show index"
time="2019-08-17T10:53:13-04:00" level=info msg="in context show index"
time="2019-08-17T10:53:13-04:00" level=info msg="in context show index"
time="2019-08-17T10:53:13-04:00" level=info msg="in context show index"
time="2019-08-17T10:53:13-04:00" level=info msg="in context show index"
time="2019-08-17T10:53:13-04:00" level=info msg="in context show index"
time="2019-08-17T10:53:13-04:00" level=info msg="in context show index"
time="2019-08-17T10:53:13-04:00" level=info msg="in context show index"
time="2019-08-17T10:53:14-04:00" level=info msg="in context show index"
time="2019-08-17T10:53:14-04:00" level=info msg="in context show index"
time="2019-08-17T10:53:14-04:00" level=info msg="in context show index"
time="2019-08-17T10:53:14-04:00" level=info msg="in context show index"
time="2019-08-17T10:53:14-04:00" level=info msg="in context show index"
time="2019-08-17T10:53:28-04:00" level=info msg="in context show index"
time="2019-08-17T10:53:29-04:00" level=info msg="in context show index"
time="2019-08-17T10:53:29-04:00" level=info msg="in context show index"
time="2019-08-17T10:53:29-04:00" level=info msg="in context show index"
time="2019-08-17T10:53:37-04:00" level=info msg="in context show index"
time="2019-08-17T10:53:41-04:00" level=info msg="in context show index"
time="2019-08-17T10:53:41-04:00" level=info msg="in context show index"
time="2019-08-17T10:53:42-04:00" level=info msg="in context show index"
time="2019-08-17T10:53:42-04:00" level=info msg="in context show index"
time="2019-08-17T10:53:42-04:00" level=info msg="in context show index"
time="2019-08-17T10:53:42-04:00" level=info msg="in context show index"
time="2019-08-17T10:54:04-04:00" level=info msg="in context show index"
time="2019-08-17T10:54:04-04:00" level=info msg="in context show index"
time="2019-08-17T10:54:04-04:00" level=info msg="in context show index"
time="2019-08-17T10:54:05-04:00" level=info msg="in context show index"
time="2019-08-17T10:54:05-04:00" level=info msg="in context show index"
time="2019-08-17T10:54:05-04:00" level=info msg="in context show index"
time="2019-08-17T10:54:05-04:00" level=info msg="in context show index"
time="2019-08-17T10:54:05-04:00" level=info msg="in context show index"
time="2019-08-17T10:54:05-04:00" level=info msg="in context show index"
time="2019-08-17T10:54:05-04:00" level=info msg="in context show index"
time="2019-08-17T10:54:06-04:00" level=info msg="in context show index"
time="2019-08-17T10:54:06-04:00" level=info msg="in context show index"
time="2019-08-17T10:54:06-04:00" level=info msg="in context show index"
time="2019-08-17T10:54:06-04:00" level=info msg="in context show index"
time="2019-08-17T10:54:06-04:00" level=info msg="in context show index"
time="2019-08-17T10:54:06-04:00" level=info msg="in context show index"
time="2019-08-17T10:54:07-04:00" level=info msg="in context show index"
time="2019-08-17T10:54:07-04:00" level=info msg="in context show index"
time="2019-08-17T10:54:07-04:00" level=info msg="in context show index"
time="2019-08-17T10:54:07-04:00" level=info msg="in context show index"
time="2019-08-17T10:54:07-04:00" level=info msg="in context show index"
time="2019-08-17T10:54:07-04:00" level=info msg="in context show index"
time="2019-08-17T10:54:22-04:00" level=info msg="Starting Advanced.ID web server "
time="2019-08-17T10:54:26-04:00" level=info msg="in context show index"
time="2019-08-17T10:54:45-04:00" level=info msg="Starting Advanced.ID web server "
time="2019-08-17T10:54:47-04:00" level=info msg="in context show index"
time="2019-08-17T10:54:48-04:00" level=info msg="in context show index"
time="2019-08-17T10:54:48-04:00" level=info msg="in context show index"
time="2019-08-17T10:54:48-04:00" level=info msg="in context show index"
time="2019-08-17T10:54:49-04:00" level=info msg="in context show index"
time="2019-08-17T10:54:49-04:00" level=info msg="in context show index"
time="2019-08-17T10:56:36-04:00" level=info msg="Starting Advanced.ID web server "
time="2019-08-17T10:56:49-04:00" level=info msg="in context show index"
time="2019-08-17T10:56:49-04:00" level=info msg="in context show index"
time="2019-08-17T10:56:49-04:00" level=info msg="in context show index"
time="2019-08-17T10:56:49-04:00" level=info msg="in context show index"
time="2019-08-17T10:56:57-04:00" level=info msg="Starting Advanced.ID web server "
time="2019-08-17T10:56:59-04:00" level=info msg="in context show index"
time="2019-08-17T10:56:59-04:00" level=info msg="in context show index"
time="2019-08-17T10:56:59-04:00" level=info msg="in context show index"
time="2019-08-17T10:57:00-04:00" level=info msg="in context show index"
time="2019-08-17T10:57:00-04:00" level=info msg="in context show index"
time="2019-08-17T11:03:01-04:00" level=info msg="Starting Advanced.ID web server "
time="2019-08-17T11:03:03-04:00" level=info msg="in context show index"
time="2019-08-17T11:03:17-04:00" level=info msg="in context handler post data"
time="2019-08-17T11:03:21-04:00" level=info msg="in context show index"
time="2019-08-17T11:03:22-04:00" level=info msg="in context show index"
time="2019-08-17T11:03:22-04:00" level=info msg="in context show index"
time="2019-08-17T11:03:22-04:00" level=info msg="in context show index"
time="2019-08-17T11:03:23-04:00" level=info msg="in context show index"
time="2019-08-17T11:03:23-04:00" level=info msg="in context show index"
time="2019-08-17T11:03:23-04:00" level=info msg="in context show index"
time="2019-08-17T11:03:23-04:00" level=info msg="in context show index"
time="2019-08-17T11:03:23-04:00" level=info msg="in context show index"
time="2019-08-17T11:03:23-04:00" level=info msg="in context show index"
time="2019-08-17T11:03:24-04:00" level=info msg="in context show index"
time="2019-08-17T11:03:24-04:00" level=info msg="in context show index"
time="2019-08-17T11:03:24-04:00" level=info msg="in context show index"
time="2019-08-17T11:03:24-04:00" level=info msg="in context show index"
time="2019-08-17T11:04:19-04:00" level=info msg="Starting Advanced.ID web server "
time="2019-08-17T11:04:22-04:00" level=info msg="in context show index"
time="2019-08-17T11:05:33-04:00" level=info msg="in context handler post data"
time="2019-08-17T11:05:38-04:00" level=info msg="in context show index"
time="2019-08-17T11:05:41-04:00" level=info msg="in context show index"
time="2019-08-17T11:05:41-04:00" level=info msg="in context show index"
time="2019-08-17T11:05:41-04:00" level=info msg="in context show index"
time="2019-08-17T11:05:41-04:00" level=info msg="in context show index"
time="2019-08-17T11:05:42-04:00" level=info msg="in context show index"
time="2019-08-17T11:05:42-04:00" level=info msg="in context show index"
time="2019-08-17T11:05:42-04:00" level=info msg="in context show index"
time="2019-08-17T11:05:42-04:00" level=info msg="in context show index"
time="2019-08-17T11:05:43-04:00" level=info msg="in context show index"
time="2019-08-17T11:05:43-04:00" level=info msg="in context show index"
time="2019-08-17T11:05:43-04:00" level=info msg="in context show index"
time="2019-08-17T11:05:51-04:00" level=info msg="Starting Advanced.ID web server "
time="2019-08-17T11:05:53-04:00" level=info msg="in context show index"
time="2019-08-17T11:07:54-04:00" level=info msg="Starting Advanced.ID web server "
time="2019-08-17T11:07:57-04:00" level=info msg="in context show index"
time="2019-08-17T11:07:57-04:00" level=info msg="in context show index"
time="2019-08-17T11:07:58-04:00" level=info msg="in context show index"
time="2019-08-17T11:08:09-04:00" level=info msg="in context handler post data"
time="2019-08-17T11:08:14-04:00" level=info msg="in context show index"
time="2019-08-17T11:25:12-04:00" level=info msg="in context show index"
time="2019-08-17T11:25:13-04:00" level=info msg="in context show index"
time="2019-08-17T11:25:13-04:00" level=info msg="in context show index"
time="2019-08-17T11:25:13-04:00" level=info msg="in context show index"
time="2019-08-17T11:25:23-04:00" level=info msg="in context handler post data"
time="2019-08-17T11:25:29-04:00" level=info msg="in context show index"
time="2019-08-17T11:30:35-04:00" level=info msg="Starting Advanced.ID web server "
time="2019-08-17T11:30:45-04:00" level=info msg="in context handler post data"
time="2019-08-17T11:30:57-04:00" level=info msg="in context show index"
time="2019-08-17T19:02:53-04:00" level=info msg="Starting Advanced.ID web server "
time="2019-08-17T19:02:56-04:00" level=info msg="in context show index"
time="2019-08-17T19:18:53-04:00" level=info msg="Starting Advanced.ID web server "
time="2019-08-17T19:18:55-04:00" level=info msg="in context show index"
time="2019-08-17T19:20:09-04:00" level=info msg="in context handler post data"
time="2019-08-17T19:20:16-04:00" level=info msg="in context show index"
time="2019-08-18T00:44:02-04:00" level=info msg="Starting Advanced.ID web server "
time="2019-08-18T00:44:14-04:00" level=info msg="in context show index"
time="2019-08-18T00:44:18-04:00" level=info msg="in context show index"
time="2019-08-18T00:44:19-04:00" level=info msg="in context show index"
time="2019-08-18T00:44:19-04:00" level=info msg="in context show index"
time="2019-08-18T00:44:19-04:00" level=info msg="in context show index"
time="2019-08-18T00:45:37-04:00" level=info msg="Starting Advanced.ID web server "
time="2019-08-18T00:45:39-04:00" level=info msg="in context show index"
time="2019-08-18T00:45:40-04:00" level=info msg="in context show index"
time="2019-08-18T00:45:40-04:00" level=info msg="in context show index"
time="2019-08-18T00:45:40-04:00" level=info msg="in context show index"
time="2019-08-18T00:45:41-04:00" level=info msg="in context show index"
time="2019-08-18T00:50:25-04:00" level=info msg="Starting Advanced.ID web server "
time="2019-08-18T00:50:27-04:00" level=info msg="in context show index"
time="2019-08-18T00:50:28-04:00" level=info msg="in context show index"
time="2019-08-18T00:50:54-04:00" level=info msg="in context show index"
time="2019-08-18T00:56:28-04:00" level=info msg="Starting Advanced.ID web server "
time="2019-08-18T00:56:30-04:00" level=info msg="in context show index"
time="2019-08-18T00:56:31-04:00" level=info msg="in context show index"
time="2019-08-18T00:56:32-04:00" level=info msg="in context show index"
time="2019-08-18T00:56:35-04:00" level=info msg="in context show index"
time="2019-08-18T00:56:35-04:00" level=info msg="in context show index"
time="2019-08-18T00:56:36-04:00" level=info msg="in context show index"
time="2019-08-18T00:56:36-04:00" level=info msg="in context show index"
time="2019-08-18T00:56:36-04:00" level=info msg="in context show index"
time="2019-08-18T00:56:36-04:00" level=info msg="in context show index"
time="2019-08-18T00:56:36-04:00" level=info msg="in context show index"
time="2019-08-18T00:56:36-04:00" level=info msg="in context show index"
time="2019-08-18T01:02:53-04:00" level=info msg="Starting Advanced.ID web server "
time="2019-08-18T01:02:54-04:00" level=info msg="in context show index"
time="2019-08-18T01:03:09-04:00" level=info msg="in context show index"
time="2019-08-18T01:03:11-04:00" level=info msg="in context show index"
time="2019-08-18T01:03:11-04:00" level=info msg="in context show index"
time="2019-08-18T01:03:11-04:00" level=info msg="in context show index"
time="2019-08-18T01:03:12-04:00" level=info msg="in context show index"
time="2019-08-18T01:03:12-04:00" level=info msg="in context show index"
time="2019-08-18T01:03:12-04:00" level=info msg="in context show index"
time="2019-08-18T01:03:12-04:00" level=info msg="in context show index"
time="2019-08-18T01:03:12-04:00" level=info msg="in context show index"
time="2019-08-18T01:03:13-04:00" level=info msg="in context show index"
time="2019-08-18T01:03:13-04:00" level=info msg="in context show index"
time="2019-08-18T01:03:13-04:00" level=info msg="in context show index"
time="2019-08-18T01:03:13-04:00" level=info msg="in context show index"
time="2019-08-18T01:03:13-04:00" level=info msg="in context show index"
time="2019-08-18T01:03:13-04:00" level=info msg="in context show index"
time="2019-08-18T01:03:14-04:00" level=info msg="in context show index"
time="2019-08-18T01:03:14-04:00" level=info msg="in context show index"
time="2019-08-18T01:03:14-04:00" level=info msg="in context show index"
time="2019-08-18T01:03:14-04:00" level=info msg="in context show index"
time="2019-08-18T01:03:14-04:00" level=info msg="in context show index"
time="2019-08-18T01:03:14-04:00" level=info msg="in context show index"
time="2019-08-18T01:03:15-04:00" level=info msg="in context show index"
time="2019-08-18T01:04:04-04:00" level=info msg="Starting Advanced.ID web server "
time="2019-08-18T01:04:06-04:00" level=info msg="in context show index"
time="2019-08-18T01:04:07-04:00" level=info msg="in context show index"
time="2019-08-18T01:04:07-04:00" level=info msg="in context show index"
time="2019-08-18T01:04:07-04:00" level=info msg="in context show index"
time="2019-08-18T01:04:45-04:00" level=info msg="in context show index"
time="2019-08-18T01:04:46-04:00" level=info msg="in context show index"
time="2019-08-18T01:04:46-04:00" level=info msg="in context show index"
time="2019-08-18T01:04:46-04:00" level=info msg="in context show index"
time="2019-08-18T01:04:46-04:00" level=info msg="in context show index"
time="2019-08-18T01:04:46-04:00" level=info msg="in context show index"
time="2019-08-18T01:04:46-04:00" level=info msg="in context show index"
time="2019-08-18T01:04:46-04:00" level=info msg="in context show index"
time="2019-08-18T01:04:47-04:00" level=info msg="in context show index"
time="2019-08-18T01:04:47-04:00" level=info msg="in context show index"
time="2019-08-18T01:04:47-04:00" level=info msg="in context show index"
time="2019-08-18T01:04:47-04:00" level=info msg="in context show index"
time="2019-08-18T01:04:47-04:00" level=info msg="in context show index"
time="2019-08-18T01:04:47-04:00" level=info msg="in context show index"
time="2019-08-18T01:04:52-04:00" level=info msg="in context show index"
time="2019-08-18T01:06:39-04:00" level=info msg="in context show index"
time="2019-08-18T01:18:39-04:00" level=info msg="Starting Advanced.ID web server "
time="2019-08-18T01:18:43-04:00" level=info msg="in context show index"
time="2019-08-18T01:24:36-04:00" level=info msg="Starting Advanced.ID web server "
time="2019-08-18T01:24:43-04:00" level=info msg="in context show index"
time="2019-08-18T01:45:34-04:00" level=info msg="Starting Advanced.ID web server "
time="2019-08-18T01:45:37-04:00" level=info msg="in context show index"
time="2019-08-18T02:10:46-04:00" level=info msg="Starting Advanced.ID web server "
time="2019-08-18T02:10:50-04:00" level=info msg="in context show index"
time="2019-08-18T02:15:23-04:00" level=info msg="Starting Advanced.ID web server "
time="2019-08-18T02:15:25-04:00" level=info msg="in context show index"
time="2019-08-18T02:23:41-04:00" level=info msg="Starting Advanced.ID web server "
time="2019-08-18T02:23:45-04:00" level=info msg="in context show index"
time="2019-08-18T02:24:53-04:00" level=info msg="Starting Advanced.ID web server "
time="2019-08-18T02:29:18-04:00" level=info msg="Starting Advanced.ID web server "
time="2019-08-18T02:29:24-04:00" level=info msg="in context show index"
time="2019-08-18T02:30:51-04:00" level=info msg="Starting Advanced.ID web server "
time="2019-08-18T02:30:53-04:00" level=info msg="in context show index"
time="2019-08-18T02:35:06-04:00" level=info msg="Starting Advanced.ID web server "
time="2019-08-18T02:35:08-04:00" level=info msg="in context show index"
time="2019-08-18T02:36:49-04:00" level=info msg="Starting Advanced.ID web server "
time="2019-08-18T02:36:52-04:00" level=info msg="in context show index"
time="2019-08-18T02:41:46-04:00" level=info msg="Starting Advanced.ID web server "
time="2019-08-18T02:41:48-04:00" level=info msg="in context show index"
time="2019-08-19T09:21:07-04:00" level=info msg="Starting Advanced.ID web server "
time="2019-08-19T09:21:07-04:00" level=panic msg="DB Query failed: pq: relation \"contacts\" does not exist"
time="2019-08-19T09:21:32-04:00" level=info msg="Starting Advanced.ID web server "
time="2019-08-19T09:21:32-04:00" level=panic msg="DB Query failed: pq: relation \"contacts\" does not exist"
time="2019-08-19T09:25:34-04:00" level=info msg="Starting Advanced.ID web server "
time="2019-08-19T09:26:34-04:00" level=info msg="Starting Advanced.ID web server "
time="2019-08-19T09:26:43-04:00" level=info msg="in context show index"
time="2019-08-19T09:32:11-04:00" level=info msg="Starting Advanced.ID web server "
time="2019-08-19T09:32:15-04:00" level=info msg="in context show index"
time="2019-08-19T09:32:16-04:00" level=info msg="in context show index"
time="2019-08-19T09:32:17-04:00" level=info msg="in context show index"
time="2019-08-19T09:32:17-04:00" level=info msg="in context show index"
time="2019-08-19T09:32:17-04:00" level=info msg="in context show index"
time="2019-08-19T09:32:18-04:00" level=info msg="in context show index"
time="2019-08-19T09:32:18-04:00" level=info msg="in context show index"
time="2019-08-19T09:32:18-04:00" level=info msg="in context show index"
time="2019-08-21T06:24:44-04:00" level=info msg="Starting Advanced.ID web server "
time="2019-08-21T06:24:50-04:00" level=info msg="in context show index"
time="2019-08-21T06:28:54-04:00" level=info msg="Starting Advanced.ID web server "
time="2019-08-21T06:28:56-04:00" level=info msg="in context show index"
time="2019-08-21T06:28:57-04:00" level=info msg="in context show index"
time="2019-08-21T06:28:57-04:00" level=info msg="in context show index"
time="2019-08-21T06:29:17-04:00" level=info msg="in context show index"
time="2019-08-21T06:37:39-04:00" level=info msg="Starting Advanced.ID web server "
time="2019-08-21T06:37:41-04:00" level=info msg="in context show index"
time="2019-08-21T06:46:54-04:00" level=info msg="Starting Advanced.ID web server "
time="2019-08-21T06:46:56-04:00" level=info msg="in context show index"
time="2019-08-21T07:10:14-04:00" level=info msg="Starting Advanced.ID web server "
time="2019-08-21T07:10:16-04:00" level=info msg="in context show index"
time="2019-08-21T07:48:03-04:00" level=info msg="Starting Advanced.ID web server "
time="2019-08-21T07:48:06-04:00" level=info msg="in context show index"
time="2019-08-21T07:48:52-04:00" level=info msg="Starting Advanced.ID web server "
time="2019-08-21T07:48:53-04:00" level=info msg="in context show index"
time="2019-08-21T07:50:09-04:00" level=info msg="Starting Advanced.ID web server "
time="2019-08-21T07:50:13-04:00" level=info msg="in context show index"
time="2019-08-21T07:51:20-04:00" level=info msg="Starting Advanced.ID web server "
time="2019-08-21T07:51:22-04:00" level=info msg="in context show index"
time="2019-08-21T07:51:32-04:00" level=info msg="in context show index"
time="2019-08-21T08:39:28-04:00" level=info msg="Starting Advanced.ID web server "
time="2019-08-21T08:39:34-04:00" level=info msg="in context show index"
time="2019-08-21T13:37:29-04:00" level=info msg="Starting Advanced.ID web server "
time="2019-08-21T13:42:54-04:00" level=info msg="Starting Advanced.ID web server "
time="2019-08-21T13:43:00-04:00" level=info msg="in context show index"
time="2019-08-21T15:59:05-04:00" level=info msg="Starting Advanced.ID web server "
time="2019-08-21T15:59:13-04:00" level=info msg="in context show index"
time="2019-08-21T16:03:10-04:00" level=info msg="Starting Advanced.ID web server "
time="2019-08-21T16:03:12-04:00" level=info msg="in context show index"
time="2019-08-24T09:24:58-04:00" level=info msg="Starting Advanced.ID web server "
time="2019-08-24T09:25:06-04:00" level=info msg="in context show index"
time="2019-08-24T09:36:33-04:00" level=info msg="in context show index"
time="2019-08-24T09:44:54-04:00" level=info msg="Starting Advanced.ID web server "
time="2019-08-24T09:44:59-04:00" level=info msg="in context show index"
time="2019-08-24T10:52:40-04:00" level=info msg="Starting Advanced.ID web server "
time="2019-08-24T10:52:43-04:00" level=info msg="in context show index"
time="2019-08-24T10:58:12-04:00" level=info msg="Starting Advanced.ID web server "
time="2019-08-24T10:58:15-04:00" level=info msg="in context show index"
time="2019-08-24T11:41:20-04:00" level=info msg="Starting Advanced.ID web server "
time="2019-08-24T11:41:22-04:00" level=info msg="in context show index"
time="2019-08-24T15:28:27-04:00" level=info msg="Starting Advanced.ID web server "
time="2019-08-24T15:28:28-04:00" level=info msg="in context show index"
time="2019-08-24T18:23:05-04:00" level=info msg="Starting Advanced.ID web server "
time="2019-08-24T18:23:13-04:00" level=info msg="in context show index"
time="2019-08-24T18:28:18-04:00" level=info msg="Starting Advanced.ID web server "
time="2019-08-24T18:28:20-04:00" level=info msg="in context show index"
time="2019-08-24T18:28:21-04:00" level=info msg="in context show index"
time="2019-08-24T18:28:21-04:00" level=info msg="in context show index"
time="2019-08-24T18:28:21-04:00" level=info msg="in context show index"
time="2019-08-24T18:29:40-04:00" level=info msg="Starting Advanced.ID web server "
time="2019-08-24T18:29:43-04:00" level=info msg="in context show index"
time="2019-08-24T18:30:37-04:00" level=info msg="in context show index"
time="2019-08-24T18:32:57-04:00" level=info msg="Starting Advanced.ID web server "
time="2019-08-24T18:33:02-04:00" level=info msg="in context show index"
